This is pdfTeX, Version 3.14159265-2.6-1.40.18 (MiKTeX 2.9.6500 64-bit) (preloaded format=pdflatex 2018.2.9)  23 AUG 2018 15:27
entering extended mode
**./Source_Files_manuscript.tex
(Source_Files_manuscript.tex
LaTeX2e <2017-04-15>
Babel <3.15> and hyphenation patterns for 75 language(s) loaded.
("C:\Program Files\MiKTeX 2.9\tex\latex\elsarticle\elsarticle.cls"
Document Class: elsarticle 2009/09/17, 1.2.0: Elsevier Ltd
\@bls=\dimen102
("C:\Program Files\MiKTeX 2.9\tex\latex\base\article.cls"
Document Class: article 2014/09/29 v1.4h Standard LaTeX document class
("C:\Program Files\MiKTeX 2.9\tex\latex\base\size10.clo"
File: size10.clo 2014/09/29 v1.4h Standard LaTeX file (size option)
)
\c@part=\count79
\c@section=\count80
\c@subsection=\count81
\c@subsubsection=\count82
\c@paragraph=\count83
\c@subparagraph=\count84
\c@figure=\count85
\c@table=\count86
\abovecaptionskip=\skip41
\belowcaptionskip=\skip42
\bibindent=\dimen103
)
("C:\Program Files\MiKTeX 2.9\tex\latex\graphics\graphicx.sty"
Package: graphicx 2017/06/01 v1.1a Enhanced LaTeX Graphics (DPC,SPQR)

("C:\Program Files\MiKTeX 2.9\tex\latex\graphics\keyval.sty"
Package: keyval 2014/10/28 v1.15 key=value parser (DPC)
\KV@toks@=\toks14
)
("C:\Program Files\MiKTeX 2.9\tex\latex\graphics\graphics.sty"
Package: graphics 2017/06/25 v1.2c Standard LaTeX Graphics (DPC,SPQR)

("C:\Program Files\MiKTeX 2.9\tex\latex\graphics\trig.sty"
Package: trig 2016/01/03 v1.10 sin cos tan (DPC)
)
("C:\Program Files\MiKTeX 2.9\tex\latex\graphics-cfg\graphics.cfg"
File: graphics.cfg 2016/06/04 v1.11 sample graphics configuration
)
Package graphics Info: Driver file: pdftex.def on input line 99.

("C:\Program Files\MiKTeX 2.9\tex\latex\graphics-def\pdftex.def"
File: pdftex.def 2017/06/24 v1.0g Graphics/color driver for pdftex
))
\Gin@req@height=\dimen104
\Gin@req@width=\dimen105
)
("C:\Program Files\MiKTeX 2.9\tex\latex\psnfss\pifont.sty"
Package: pifont 2005/04/12 PSNFSS-v9.2a Pi font support (SPQR) 
LaTeX Font Info:    Try loading font information for U+pzd on input line 63.

("C:\Program Files\MiKTeX 2.9\tex\latex\psnfss\upzd.fd"
File: upzd.fd 2001/06/04 font definitions for U/pzd.
)
LaTeX Font Info:    Try loading font information for U+psy on input line 64.

("C:\Program Files\MiKTeX 2.9\tex\latex\psnfss\upsy.fd"
File: upsy.fd 2001/06/04 font definitions for U/psy.
))
\c@tnote=\count87
\c@fnote=\count88
\c@cnote=\count89
\c@ead=\count90
\c@author=\count91
\@eadauthor=\toks15
\c@affn=\count92
\absbox=\box26
\keybox=\box27
\Columnwidth=\dimen106
\space@left=\dimen107
\els@boxa=\box28
\els@boxb=\box29
\leftMargin=\dimen108
\@enLab=\toks16
\@sep=\skip43
\@@sep=\skip44

(Source_Files_manuscript.spl)
("C:\Program Files\MiKTeX 2.9\tex\latex\natbib\natbib.sty"
Package: natbib 2010/09/13 8.31b (PWD, AO)
\bibhang=\skip45
\bibsep=\skip46
LaTeX Info: Redefining \cite on input line 694.
\c@NAT@ctr=\count93
)
\splwrite=\write3
\openout3 = `Source_Files_manuscript.spl'.

)
("C:\Program Files\MiKTeX 2.9\tex\latex\lineno\lineno.sty"
Package: lineno 2005/11/02 line numbers on paragraphs v4.41
\linenopenalty=\count94
\output=\toks17
\linenoprevgraf=\count95
\linenumbersep=\dimen109
\linenumberwidth=\dimen110
\c@linenumber=\count96
\c@pagewiselinenumber=\count97
\c@LN@truepage=\count98
\c@internallinenumber=\count99
\c@internallinenumbers=\count100
\quotelinenumbersep=\dimen111
\bframerule=\dimen112
\bframesep=\dimen113
\bframebox=\box30
LaTeX Info: Redefining \\ on input line 3056.
)
("C:\Program Files\MiKTeX 2.9\tex\latex\hyperref\hyperref.sty"
Package: hyperref 2017/03/14 v6.85a Hypertext links for LaTeX

("C:\Program Files\MiKTeX 2.9\tex\generic\oberdiek\hobsub-hyperref.sty"
Package: hobsub-hyperref 2016/05/16 v1.14 Bundle oberdiek, subset hyperref (HO)


("C:\Program Files\MiKTeX 2.9\tex\generic\oberdiek\hobsub-generic.sty"
Package: hobsub-generic 2016/05/16 v1.14 Bundle oberdiek, subset generic (HO)
Package: hobsub 2016/05/16 v1.14 Construct package bundles (HO)
Package: infwarerr 2016/05/16 v1.4 Providing info/warning/error messages (HO)
Package: ltxcmds 2016/05/16 v1.23 LaTeX kernel commands for general use (HO)
Package: ifluatex 2016/05/16 v1.4 Provides the ifluatex switch (HO)
Package ifluatex Info: LuaTeX not detected.
Package: ifvtex 2016/05/16 v1.6 Detect VTeX and its facilities (HO)
Package ifvtex Info: VTeX not detected.
Package: intcalc 2016/05/16 v1.2 Expandable calculations with integers (HO)
Package: ifpdf 2017/03/15 v3.2 Provides the ifpdf switch
Package: etexcmds 2016/05/16 v1.6 Avoid name clashes with e-TeX commands (HO)
Package etexcmds Info: Could not find \expanded.
(etexcmds)             That can mean that you are not using pdfTeX 1.50 or
(etexcmds)             that some package has redefined \expanded.
(etexcmds)             In the latter case, load this package earlier.
Package: kvsetkeys 2016/05/16 v1.17 Key value parser (HO)
Package: kvdefinekeys 2016/05/16 v1.4 Define keys (HO)
Package: pdftexcmds 2017/03/19 v0.25 Utility functions of pdfTeX for LuaTeX (HO
)
Package pdftexcmds Info: LuaTeX not detected.
Package pdftexcmds Info: \pdf@primitive is available.
Package pdftexcmds Info: \pdf@ifprimitive is available.
Package pdftexcmds Info: \pdfdraftmode found.
Package: pdfescape 2016/05/16 v1.14 Implements pdfTeX's escape features (HO)
Package: bigintcalc 2016/05/16 v1.4 Expandable calculations on big integers (HO
)
Package: bitset 2016/05/16 v1.2 Handle bit-vector datatype (HO)
Package: uniquecounter 2016/05/16 v1.3 Provide unlimited unique counter (HO)
)
Package hobsub Info: Skipping package `hobsub' (already loaded).
Package: letltxmacro 2016/05/16 v1.5 Let assignment for LaTeX macros (HO)
Package: hopatch 2016/05/16 v1.3 Wrapper for package hooks (HO)
Package: xcolor-patch 2016/05/16 xcolor patch
Package: atveryend 2016/05/16 v1.9 Hooks at the very end of document (HO)
Package atveryend Info: \enddocument detected (standard20110627).
Package: atbegshi 2016/06/09 v1.18 At begin shipout hook (HO)
Package: refcount 2016/05/16 v3.5 Data extraction from label references (HO)
Package: hycolor 2016/05/16 v1.8 Color options for hyperref/bookmark (HO)
)
("C:\Program Files\MiKTeX 2.9\tex\generic\ifxetex\ifxetex.sty"
Package: ifxetex 2010/09/12 v0.6 Provides ifxetex conditional
)
("C:\Program Files\MiKTeX 2.9\tex\latex\oberdiek\auxhook.sty"
Package: auxhook 2016/05/16 v1.4 Hooks for auxiliary files (HO)
)
("C:\Program Files\MiKTeX 2.9\tex\latex\oberdiek\kvoptions.sty"
Package: kvoptions 2016/05/16 v3.12 Key value format for package options (HO)
)
\@linkdim=\dimen114
\Hy@linkcounter=\count101
\Hy@pagecounter=\count102

("C:\Program Files\MiKTeX 2.9\tex\latex\hyperref\pd1enc.def"
File: pd1enc.def 2017/03/14 v6.85a Hyperref: PDFDocEncoding definition (HO)
)
\Hy@SavedSpaceFactor=\count103

("C:\Program Files\MiKTeX 2.9\tex\latex\00miktex\hyperref.cfg"
File: hyperref.cfg 2002/06/06 v1.2 hyperref configuration of TeXLive
)
Package hyperref Info: Hyper figures OFF on input line 4498.
Package hyperref Info: Link nesting OFF on input line 4503.
Package hyperref Info: Hyper index ON on input line 4506.
Package hyperref Info: Plain pages OFF on input line 4513.
Package hyperref Info: Backreferencing OFF on input line 4518.
Package hyperref Info: Implicit mode ON; LaTeX internals redefined.
Package hyperref Info: Bookmarks ON on input line 4751.
\c@Hy@tempcnt=\count104

("C:\Program Files\MiKTeX 2.9\tex\latex\url\url.sty"
\Urlmuskip=\muskip10
Package: url 2013/09/16  ver 3.4  Verb mode for urls, etc.
)
LaTeX Info: Redefining \url on input line 5104.
\XeTeXLinkMargin=\dimen115
\Fld@menulength=\count105
\Field@Width=\dimen116
\Fld@charsize=\dimen117
Package hyperref Info: Hyper figures OFF on input line 6358.
Package hyperref Info: Link nesting OFF on input line 6363.
Package hyperref Info: Hyper index ON on input line 6366.
Package hyperref Info: backreferencing OFF on input line 6373.
Package hyperref Info: Link coloring OFF on input line 6378.
Package hyperref Info: Link coloring with OCG OFF on input line 6383.
Package hyperref Info: PDF/A mode OFF on input line 6388.
LaTeX Info: Redefining \ref on input line 6428.
LaTeX Info: Redefining \pageref on input line 6432.
\Hy@abspage=\count106
\c@Item=\count107
\c@Hfootnote=\count108
)

Package hyperref Message: Driver (autodetected): hpdftex.

("C:\Program Files\MiKTeX 2.9\tex\latex\hyperref\hpdftex.def"
File: hpdftex.def 2017/03/14 v6.85a Hyperref driver for pdfTeX
\Fld@listcount=\count109
\c@bookmark@seq@number=\count110

("C:\Program Files\MiKTeX 2.9\tex\latex\oberdiek\rerunfilecheck.sty"
Package: rerunfilecheck 2016/05/16 v1.8 Rerun checks for auxiliary files (HO)
Package uniquecounter Info: New unique counter `rerunfilecheck' on input line 2
82.
)
\Hy@SectionHShift=\skip47
)
("C:\Program Files\MiKTeX 2.9\tex\latex\multirow\multirow.sty"
Package: multirow 2016/11/25 v2.2 Span multiple rows of a table
\multirow@colwidth=\skip48
\multirow@cntb=\count111
\multirow@dima=\skip49
\bigstrutjot=\dimen118
)
("C:\Program Files\MiKTeX 2.9\tex\latex\xcolor\xcolor.sty"
Package: xcolor 2016/05/11 v2.12 LaTeX color extensions (UK)

("C:\Program Files\MiKTeX 2.9\tex\latex\graphics-cfg\color.cfg"
File: color.cfg 2016/01/02 v1.6 sample color configuration
)
Package xcolor Info: Driver file: pdftex.def on input line 225.
Package xcolor Info: Model `cmy' substituted by `cmy0' on input line 1348.
Package xcolor Info: Model `hsb' substituted by `rgb' on input line 1352.
Package xcolor Info: Model `RGB' extended on input line 1364.
Package xcolor Info: Model `HTML' substituted by `rgb' on input line 1366.
Package xcolor Info: Model `Hsb' substituted by `hsb' on input line 1367.
Package xcolor Info: Model `tHsb' substituted by `hsb' on input line 1368.
Package xcolor Info: Model `HSB' substituted by `hsb' on input line 1369.
Package xcolor Info: Model `Gray' substituted by `gray' on input line 1370.
Package xcolor Info: Model `wave' substituted by `hsb' on input line 1371.
)
("C:\Program Files\MiKTeX 2.9\tex\latex\amsfonts\eucal.sty"
Package: eucal 2009/06/22 v3.00 Euler Script fonts
LaTeX Font Info:    Overwriting math alphabet `\EuScript' in version `bold'
(Font)                  U/eus/m/n --> U/eus/b/n on input line 33.
)
("C:\Program Files\MiKTeX 2.9\tex\latex\amsmath\amsmath.sty"
Package: amsmath 2017/09/02 v2.17a AMS math features
\@mathmargin=\skip50

For additional information on amsmath, use the `?' option.
("C:\Program Files\MiKTeX 2.9\tex\latex\amsmath\amstext.sty"
Package: amstext 2000/06/29 v2.01 AMS text

("C:\Program Files\MiKTeX 2.9\tex\latex\amsmath\amsgen.sty"
File: amsgen.sty 1999/11/30 v2.0 generic functions
\@emptytoks=\toks18
\ex@=\dimen119
))
("C:\Program Files\MiKTeX 2.9\tex\latex\amsmath\amsbsy.sty"
Package: amsbsy 1999/11/29 v1.2d Bold Symbols
\pmbraise@=\dimen120
)
("C:\Program Files\MiKTeX 2.9\tex\latex\amsmath\amsopn.sty"
Package: amsopn 2016/03/08 v2.02 operator names
)
\inf@bad=\count112
LaTeX Info: Redefining \frac on input line 213.
\uproot@=\count113
\leftroot@=\count114
LaTeX Info: Redefining \overline on input line 375.
\classnum@=\count115
\DOTSCASE@=\count116
LaTeX Info: Redefining \ldots on input line 472.
LaTeX Info: Redefining \dots on input line 475.
LaTeX Info: Redefining \cdots on input line 596.
\Mathstrutbox@=\box31
\strutbox@=\box32
\big@size=\dimen121
LaTeX Font Info:    Redeclaring font encoding OML on input line 712.
LaTeX Font Info:    Redeclaring font encoding OMS on input line 713.
\macc@depth=\count117
\c@MaxMatrixCols=\count118
\dotsspace@=\muskip11
\c@parentequation=\count119
\dspbrk@lvl=\count120
\tag@help=\toks19
\row@=\count121
\column@=\count122
\maxfields@=\count123
\andhelp@=\toks20
\eqnshift@=\dimen122
\alignsep@=\dimen123
\tagshift@=\dimen124
\tagwidth@=\dimen125
\totwidth@=\dimen126
\lineht@=\dimen127
\@envbody=\toks21
\multlinegap=\skip51
\multlinetaggap=\skip52
\mathdisplay@stack=\toks22
LaTeX Info: Redefining \[ on input line 2817.
LaTeX Info: Redefining \] on input line 2818.
)
("C:\Program Files\MiKTeX 2.9\tex\latex\mathtools\mathtools.sty"
Package: mathtools 2018/01/08 v1.21 mathematical typesetting tools

("C:\Program Files\MiKTeX 2.9\tex\latex\tools\calc.sty"
Package: calc 2014/10/28 v4.3 Infix arithmetic (KKT,FJ)
\calc@Acount=\count124
\calc@Bcount=\count125
\calc@Adimen=\dimen128
\calc@Bdimen=\dimen129
\calc@Askip=\skip53
\calc@Bskip=\skip54
LaTeX Info: Redefining \setlength on input line 80.
LaTeX Info: Redefining \addtolength on input line 81.
\calc@Ccount=\count126
\calc@Cskip=\skip55
)
("C:\Program Files\MiKTeX 2.9\tex\latex\mathtools\mhsetup.sty"
Package: mhsetup 2017/03/31 v1.3 programming setup (MH)
)
LaTeX Info: Thecontrolsequence`\('isalreadyrobust on input line 129.
LaTeX Info: Thecontrolsequence`\)'isalreadyrobust on input line 129.
LaTeX Info: Thecontrolsequence`\['isalreadyrobust on input line 129.
LaTeX Info: Thecontrolsequence`\]'isalreadyrobust on input line 129.
\g_MT_multlinerow_int=\count127
\l_MT_multwidth_dim=\dimen130
\origjot=\skip56
\l_MT_shortvdotswithinadjustabove_dim=\dimen131
\l_MT_shortvdotswithinadjustbelow_dim=\dimen132
\l_MT_above_intertext_sep=\dimen133
\l_MT_below_intertext_sep=\dimen134
\l_MT_above_shortintertext_sep=\dimen135
\l_MT_below_shortintertext_sep=\dimen136
)
("C:\Program Files\MiKTeX 2.9\tex\latex\amsfonts\amsfonts.sty"
Package: amsfonts 2013/01/14 v3.01 Basic AMSFonts support
\symAMSa=\mathgroup4
\symAMSb=\mathgroup5
LaTeX Font Info:    Overwriting math alphabet `\mathfrak' in version `bold'
(Font)                  U/euf/m/n --> U/euf/b/n on input line 106.
)
("C:\Program Files\MiKTeX 2.9\tex\latex\amscls\amsthm.sty"
Package: amsthm 2015/03/04 v2.20.2
\thm@style=\toks23
\thm@bodyfont=\toks24
\thm@headfont=\toks25
\thm@notefont=\toks26
\thm@headpunct=\toks27
\thm@preskip=\skip57
\thm@postskip=\skip58
\thm@headsep=\skip59
\dth@everypar=\toks28
LaTeX Info: Redefining \qed on input line 264.
)
("C:\Program Files\MiKTeX 2.9\tex\latex\amsfonts\amssymb.sty"
Package: amssymb 2013/01/14 v3.01 AMS font symbols
)
("C:\Program Files\MiKTeX 2.9\tex\latex\jknappen\mathrsfs.sty"
Package: mathrsfs 1996/01/01 Math RSFS package v1.0 (jk)
\symrsfs=\mathgroup6
)
("C:\Program Files\MiKTeX 2.9\tex\latex\undertilde\undertilde.sty"
Package: undertilde 2000/08/08 v1.0 Tilde under a math object
\knuthian@fdfive=\skip60
)
("C:\Program Files\MiKTeX 2.9\tex\latex\psnfss\mathptmx.sty"
Package: mathptmx 2005/04/12 PSNFSS-v9.2a Times w/ Math, improved (SPQR, WaS) 
LaTeX Font Info:    Redeclaring symbol font `operators' on input line 28.
LaTeX Font Info:    Overwriting symbol font `operators' in version `normal'
(Font)                  OT1/cmr/m/n --> OT1/ztmcm/m/n on input line 28.
LaTeX Font Info:    Overwriting symbol font `operators' in version `bold'
(Font)                  OT1/cmr/bx/n --> OT1/ztmcm/m/n on input line 28.
LaTeX Font Info:    Redeclaring symbol font `letters' on input line 29.
LaTeX Font Info:    Overwriting symbol font `letters' in version `normal'
(Font)                  OML/cmm/m/it --> OML/ztmcm/m/it on input line 29.
LaTeX Font Info:    Overwriting symbol font `letters' in version `bold'
(Font)                  OML/cmm/b/it --> OML/ztmcm/m/it on input line 29.
LaTeX Font Info:    Redeclaring symbol font `symbols' on input line 30.
LaTeX Font Info:    Overwriting symbol font `symbols' in version `normal'
(Font)                  OMS/cmsy/m/n --> OMS/ztmcm/m/n on input line 30.
LaTeX Font Info:    Overwriting symbol font `symbols' in version `bold'
(Font)                  OMS/cmsy/b/n --> OMS/ztmcm/m/n on input line 30.
LaTeX Font Info:    Redeclaring symbol font `largesymbols' on input line 31.
LaTeX Font Info:    Overwriting symbol font `largesymbols' in version `normal'
(Font)                  OMX/cmex/m/n --> OMX/ztmcm/m/n on input line 31.
LaTeX Font Info:    Overwriting symbol font `largesymbols' in version `bold'
(Font)                  OMX/cmex/m/n --> OMX/ztmcm/m/n on input line 31.
\symbold=\mathgroup7
\symitalic=\mathgroup8
LaTeX Font Info:    Redeclaring math alphabet \mathbf on input line 34.
LaTeX Font Info:    Overwriting math alphabet `\mathbf' in version `normal'
(Font)                  OT1/cmr/bx/n --> OT1/ptm/bx/n on input line 34.
LaTeX Font Info:    Overwriting math alphabet `\mathbf' in version `bold'
(Font)                  OT1/cmr/bx/n --> OT1/ptm/bx/n on input line 34.
LaTeX Font Info:    Redeclaring math alphabet \mathit on input line 35.
LaTeX Font Info:    Overwriting math alphabet `\mathit' in version `normal'
(Font)                  OT1/cmr/m/it --> OT1/ptm/m/it on input line 35.
LaTeX Font Info:    Overwriting math alphabet `\mathit' in version `bold'
(Font)                  OT1/cmr/bx/it --> OT1/ptm/m/it on input line 35.
LaTeX Info: Redefining \hbar on input line 50.
)
("C:\Program Files\MiKTeX 2.9\tex\latex\base\latexsym.sty"
Package: latexsym 1998/08/17 v2.2e Standard LaTeX package (lasy symbols)
\symlasy=\mathgroup9
LaTeX Font Info:    Overwriting symbol font `lasy' in version `bold'
(Font)                  U/lasy/m/n --> U/lasy/b/n on input line 52.
)
("C:\Program Files\MiKTeX 2.9\tex\latex\base\makeidx.sty"
Package: makeidx 2014/09/29 v1.0m Standard LaTeX package
)
("C:\Program Files\MiKTeX 2.9\tex\latex\graphics\epsfig.sty"
Package: epsfig 2017/06/25 v1.7b (e)psfig emulation (SPQR)
\epsfxsize=\dimen137
\epsfysize=\dimen138
)
("C:\Program Files\MiKTeX 2.9\tex\latex\caption\subcaption.sty"
Package: subcaption 2016/05/22 v1.1-161 Sub-captions (AR)

("C:\Program Files\MiKTeX 2.9\tex\latex\caption\caption.sty"
Package: caption 2016/02/21 v3.3-144 Customizing captions (AR)

("C:\Program Files\MiKTeX 2.9\tex\latex\caption\caption3.sty"
Package: caption3 2016/05/22 v1.7-166 caption3 kernel (AR)
Package caption3 Info: TeX engine: e-TeX on input line 67.
\captionmargin=\dimen139
\captionmargin@=\dimen140
\captionwidth=\dimen141
\caption@tempdima=\dimen142
\caption@indent=\dimen143
\caption@parindent=\dimen144
\caption@hangindent=\dimen145
)
\c@ContinuedFloat=\count128
Package caption Info: hyperref package is loaded.
)
\c@subfigure=\count129
\c@subtable=\count130
)
("C:\Program Files\MiKTeX 2.9\tex\latex\tools\verbatim.sty"
Package: verbatim 2014/10/28 v1.5q LaTeX2e package for verbatim enhancements
\every@verbatim=\toks29
\verbatim@line=\toks30
\verbatim@in@stream=\read1
)
("C:\Program Files\MiKTeX 2.9\tex\latex\changes\changes.sty"
Package: changes 2015/04/27 v2.0.4 changes package

*** changes package 2015/04/27 v2.0.4 ***
("C:\Program Files\MiKTeX 2.9\tex\latex\xkeyval\xkeyval.sty"
Package: xkeyval 2014/12/03 v2.7a package option processing (HA)

("C:\Program Files\MiKTeX 2.9\tex\generic\xkeyval\xkeyval.tex"
("C:\Program Files\MiKTeX 2.9\tex\generic\xkeyval\xkvutils.tex"
\XKV@toks=\toks31
\XKV@tempa@toks=\toks32
)
\XKV@depth=\count131
File: xkeyval.tex 2014/12/03 v2.7a key=value parser (HA)
))
("C:\Program Files\MiKTeX 2.9\tex\latex\xifthen\xifthen.sty"
Package: xifthen 2015/11/05 v1.4.0 Extended ifthen features

("C:\Program Files\MiKTeX 2.9\tex\latex\base\ifthen.sty"
Package: ifthen 2014/09/29 v1.1c Standard LaTeX ifthen package (DPC)
)
("C:\Program Files\MiKTeX 2.9\tex\latex\ifmtarg\ifmtarg.sty"
Package: ifmtarg 2009/09/02 v1.2a check for an empty argument
))
("C:\Program Files\MiKTeX 2.9\tex\latex\oberdiek\pdfcolmk.sty"
Package: pdfcolmk 2016/05/16 v1.3 Color support for pdfTeX via marks (HO)
Package pdfcolmk Info: The color stack of pdfTeX >= 1.40 is used. Therefore
(pdfcolmk)             this package is not necessary and not loaded.
)
("C:\Program Files\MiKTeX 2.9\tex\latex\ulem\ulem.sty"
\UL@box=\box33
\UL@hyphenbox=\box34
\UL@skip=\skip61
\UL@hook=\toks33
\UL@height=\dimen146
\UL@pe=\count132
\UL@pixel=\dimen147
\ULC@box=\box35
Package: ulem 2012/05/18
\ULdepth=\dimen148
)
\c@Changes@AuthorCount=\count133
\c@Changes@Author=\count134
\c@Changes@AddCount=\count135
\c@Changes@DeleteCount=\count136
\c@Changes@ReplaceCount=\count137

("C:\Program Files\MiKTeX 2.9\tex\latex\truncate\truncate.sty"
Package: truncate 2001/08/20  ver 3.6
\@Trunc@RestHyph=\toks34
)
\Changes@Len@summ=\skip62
)
("C:\Program Files\MiKTeX 2.9\tex\latex\adjustbox\adjustbox.sty"
Package: adjustbox 2018/04/08 v1.1 Adjusting TeX boxes (trim, clip, ...)

("C:\Program Files\MiKTeX 2.9\tex\latex\adjustbox\adjcalc.sty"
Package: adjcalc 2012/05/16 v1.1 Provides advanced setlength with multiple back
-ends (calc, etex, pgfmath)
)
("C:\Program Files\MiKTeX 2.9\tex\latex\adjustbox\trimclip.sty"
Package: trimclip 2018/04/08 v1.1 Trim and clip general TeX material

("C:\Program Files\MiKTeX 2.9\tex\latex\collectbox\collectbox.sty"
Package: collectbox 2012/05/17 v0.4b Collect macro arguments as boxes
\collectedbox=\box36
)
\tc@llx=\dimen149
\tc@lly=\dimen150
\tc@urx=\dimen151
\tc@ury=\dimen152
Package trimclip Info: Using driver 'tc-pdftex.def'.

("C:\Program Files\MiKTeX 2.9\tex\latex\adjustbox\tc-pdftex.def"
File: tc-pdftex.def 2018/04/08 v2.1 Clipping driver for pdftex
))
\adjbox@Width=\dimen153
\adjbox@Height=\dimen154
\adjbox@Depth=\dimen155
\adjbox@Totalheight=\dimen156
\adjbox@pwidth=\dimen157
\adjbox@pheight=\dimen158
\adjbox@pdepth=\dimen159
\adjbox@ptotalheight=\dimen160

("C:\Program Files\MiKTeX 2.9\tex\latex\ifoddpage\ifoddpage.sty"
Package: ifoddpage 2016/04/23 v1.1 Conditionals for odd/even page detection
\c@checkoddpage=\count138
)
("C:\Program Files\MiKTeX 2.9\tex\latex\ltxmisc\varwidth.sty"
Package: varwidth 2009/03/30 ver 0.92;  Variable-width minipages
\@vwid@box=\box37
\sift@deathcycles=\count139
\@vwid@loff=\dimen161
\@vwid@roff=\dimen162
))
("C:\Program Files\MiKTeX 2.9\tex\latex\lipsum\lipsum.sty"
Package: lipsum 2014/07/27 v1.3 150 paragraphs of Lorem Ipsum dummy text
\c@lips@count=\count140
)
(Source_Files_manuscript.aux)
\openout1 = `Source_Files_manuscript.aux'.

LaTeX Font Info:    Checking defaults for OML/cmm/m/it on input line 70.
LaTeX Font Info:    ... okay on input line 70.
LaTeX Font Info:    Checking defaults for T1/cmr/m/n on input line 70.
LaTeX Font Info:    ... okay on input line 70.
LaTeX Font Info:    Checking defaults for OT1/cmr/m/n on input line 70.
LaTeX Font Info:    ... okay on input line 70.
LaTeX Font Info:    Checking defaults for OMS/cmsy/m/n on input line 70.
LaTeX Font Info:    ... okay on input line 70.
LaTeX Font Info:    Checking defaults for OMX/cmex/m/n on input line 70.
LaTeX Font Info:    ... okay on input line 70.
LaTeX Font Info:    Checking defaults for U/cmr/m/n on input line 70.
LaTeX Font Info:    ... okay on input line 70.
LaTeX Font Info:    Checking defaults for PD1/pdf/m/n on input line 70.
LaTeX Font Info:    ... okay on input line 70.
LaTeX Font Info:    Try loading font information for OT1+ptm on input line 70.

("C:\Program Files\MiKTeX 2.9\tex\latex\psnfss\ot1ptm.fd"
File: ot1ptm.fd 2001/06/04 font definitions for OT1/ptm.
)
("C:\Program Files\MiKTeX 2.9\tex\context\base\supp-pdf.mkii"
[Loading MPS to PDF converter (version 2006.09.02).]
\scratchcounter=\count141
\scratchdimen=\dimen163
\scratchbox=\box38
\nofMPsegments=\count142
\nofMParguments=\count143
\everyMPshowfont=\toks35
\MPscratchCnt=\count144
\MPscratchDim=\dimen164
\MPnumerator=\count145
\makeMPintoPDFobject=\count146
\everyMPtoPDFconversion=\toks36
) ("C:\Program Files\MiKTeX 2.9\tex\latex\oberdiek\epstopdf-base.sty"
Package: epstopdf-base 2016/05/15 v2.6 Base part for package epstopdf

("C:\Program Files\MiKTeX 2.9\tex\latex\oberdiek\grfext.sty"
Package: grfext 2016/05/16 v1.2 Manage graphics extensions (HO)
)
Package epstopdf-base Info: Redefining graphics rule for `.eps' on input line 4
38.
Package grfext Info: Graphics extension search list:
(grfext)             [.pdf,.png,.jpg,.mps,.jpeg,.jbig2,.jb2,.PDF,.PNG,.JPG,.JPE
G,.JBIG2,.JB2,.eps]
(grfext)             \AppendGraphicsExtensions on input line 456.
)
\AtBeginShipoutBox=\box39
Package hyperref Info: Link coloring OFF on input line 70.

("C:\Program Files\MiKTeX 2.9\tex\latex\hyperref\nameref.sty"
Package: nameref 2016/05/21 v2.44 Cross-referencing by name of section

("C:\Program Files\MiKTeX 2.9\tex\generic\oberdiek\gettitlestring.sty"
Package: gettitlestring 2016/05/16 v1.5 Cleanup title references (HO)
)
\c@section@level=\count147
)
LaTeX Info: Redefining \ref on input line 70.
LaTeX Info: Redefining \pageref on input line 70.
LaTeX Info: Redefining \nameref on input line 70.

(Source_Files_manuscript.out) (Source_Files_manuscript.out)
\@outlinefile=\write4
\openout4 = `Source_Files_manuscript.out'.

Package caption Info: Begin \AtBeginDocument code.
Package caption Info: End \AtBeginDocument code.
LaTeX Font Info:    Font shape `OT1/ptm/bx/n' in size <10> not available
(Font)              Font shape `OT1/ptm/b/n' tried instead on input line 90.
Missing character: There is no Ã in font ptmr7t!
Missing character: There is no £ in font ptmr7t!

Overfull \hbox (8.04697pt too wide) in paragraph at lines 90--92
\OT1/ptm/m/n/10 tions ex-actly and it is very ro-bust when deal-ing with het-er
o-ge-neous and highly anisotropic
 []

LaTeX Font Info:    Try loading font information for OT1+ztmcm on input line 98
.
("C:\Program Files\MiKTeX 2.9\tex\latex\psnfss\ot1ztmcm.fd"
File: ot1ztmcm.fd 2000/01/03 Fontinst v1.801 font definitions for OT1/ztmcm.
)
LaTeX Font Info:    Try loading font information for OML+ztmcm on input line 98
.

("C:\Program Files\MiKTeX 2.9\tex\latex\psnfss\omlztmcm.fd"
File: omlztmcm.fd 2000/01/03 Fontinst v1.801 font definitions for OML/ztmcm.
)
LaTeX Font Info:    Try loading font information for OMS+ztmcm on input line 98
.

("C:\Program Files\MiKTeX 2.9\tex\latex\psnfss\omsztmcm.fd"
File: omsztmcm.fd 2000/01/03 Fontinst v1.801 font definitions for OMS/ztmcm.
)
LaTeX Font Info:    Try loading font information for OMX+ztmcm on input line 98
.

("C:\Program Files\MiKTeX 2.9\tex\latex\psnfss\omxztmcm.fd"
File: omxztmcm.fd 2000/01/03 Fontinst v1.801 font definitions for OMX/ztmcm.
)
LaTeX Font Info:    Try loading font information for U+rsfs on input line 98.

("C:\Program Files\MiKTeX 2.9\tex\latex\jknappen\ursfs.fd"
File: ursfs.fd 1998/03/24 rsfs font definition file (jk)
)
LaTeX Font Info:    Font shape `OT1/ptm/bx/n' in size <8> not available
(Font)              Font shape `OT1/ptm/b/n' tried instead on input line 98.
LaTeX Font Info:    Font shape `OT1/ptm/bx/n' in size <6> not available
(Font)              Font shape `OT1/ptm/b/n' tried instead on input line 98.
LaTeX Font Info:    Font shape `OT1/ptm/bx/n' in size <5> not available
(Font)              Font shape `OT1/ptm/b/n' tried instead on input line 98.
LaTeX Font Info:    Try loading font information for U+lasy on input line 98.

("C:\Program Files\MiKTeX 2.9\tex\latex\base\ulasy.fd"
File: ulasy.fd 1998/08/17 v2.2e LaTeX symbol font definitions
)
LaTeX Font Info:    Font shape `OT1/ptm/bx/n' in size <7.4> not available
(Font)              Font shape `OT1/ptm/b/n' tried instead on input line 98.
LaTeX Font Info:    Calculating math sizes for size <7.4> on input line 98.


LaTeX Font Warning: Font shape `U/rsfs/m/n' in size <5.47603> not available
(Font)              size <5> substituted on input line 98.


LaTeX Font Warning: Font shape `U/rsfs/m/n' in size <4.44003> not available
(Font)              size <5> substituted on input line 98.

LaTeX Font Info:    Font shape `OT1/ptm/bx/n' in size <5.47603> not available
(Font)              Font shape `OT1/ptm/b/n' tried instead on input line 98.
LaTeX Font Info:    Font shape `OT1/ptm/bx/n' in size <4.44003> not available
(Font)              Font shape `OT1/ptm/b/n' tried instead on input line 98.

LaTeX Font Warning: Font shape `U/lasy/m/n' in size <5.47603> not available
(Font)              size <5> substituted on input line 98.


LaTeX Font Warning: Font shape `U/lasy/m/n' in size <4.44003> not available
(Font)              size <5> substituted on input line 98.


Package mathptmx Warning: There are no bold math fonts on input line 102.

[1


{C:/Users/fernando/AppData/Local/MiKTeX/2.9/pdftex/config/pdftex.map}]
LaTeX Font Info:    Try loading font information for OMS+ptm on input line 106.


("C:\Program Files\MiKTeX 2.9\tex\latex\psnfss\omsptm.fd"
File: omsptm.fd 
)
LaTeX Font Info:    Font shape `OMS/ptm/m/n' in size <10> not available
(Font)              Font shape `OMS/cmsy/m/n' tried instead on input line 106.
 [2] [3]
LaTeX Font Info:    Try loading font information for OT1+pzc on input line 126.


("C:\Program Files\MiKTeX 2.9\tex\latex\psnfss\ot1pzc.fd"
File: ot1pzc.fd 2001/06/04 font definitions for OT1/pzc.
)
LaTeX Font Info:    Font shape `OT1/pzc/m/it' in size <10> not available
(Font)              Font shape `OT1/pzc/mb/it' tried instead on input line 126.

LaTeX Font Info:    Font shape `OT1/pzc/m/it' in size <7.4> not available
(Font)              Font shape `OT1/pzc/mb/it' tried instead on input line 126.

LaTeX Font Info:    Font shape `OT1/pzc/m/it' in size <6> not available
(Font)              Font shape `OT1/pzc/mb/it' tried instead on input line 126.

Missing character: There is no â in font ptmr7t!
Missing character: There is no € in font ptmr7t!
Missing character: There is no ™ in font ptmr7t!
Missing character: There is no â in font ptmr7t!
Missing character: There is no € in font ptmr7t!
Missing character: There is no ™ in font ptmr7t!
 [4] [5]
Missing character: There is no â in font ptmr7t!
Missing character: There is no € in font ptmr7t!
Missing character: There is no ™ in font ptmr7t!
 [6]
<FIGURE1.png, id=185, 336.7782pt x 194.1654pt>
File: FIGURE1.png Graphic file (type png)
<use FIGURE1.png>
Package pdftex.def Info: FIGURE1.png  used on input line 194. on input line 194
.
Package pdftex.def Info: Requested size: 207.0021pt x 119.3473pt on input line 
194.

Overfull \hbox (1.41612pt too wide) in paragraph at lines 209--210
\OT1/ptm/m/n/10 This de-com-po-si-tion is nec-es-sary in con-struct-ing non-lin
ear positive-preserving schemes
 []

[7 <./FIGURE1.png>]
<FIGURE2.png, id=210, 330.9966pt x 198.0198pt>
File: FIGURE2.png Graphic file (type png)
<use FIGURE2.png>
Package pdftex.def Info: FIGURE2.png  used on input line 221. on input line 221
.
Package pdftex.def Info: Requested size: 207.0021pt x 123.84364pt on input line
 221.
 [8 <./FIGURE2.png>] [9] [10]
<FIGURE5.png, id=267, 491.9178pt x 209.1012pt>
File: FIGURE5.png Graphic file (type png)
<use FIGURE5.png>
Package pdftex.def Info: FIGURE5.png  used on input line 319. on input line 319
.
Package pdftex.def Info: Requested size: 345.0pt x 146.6506pt on input line 319
.
LaTeX Font Info:    Font shape `OT1/pzc/m/it' in size <8> not available
(Font)              Font shape `OT1/pzc/mb/it' tried instead on input line 320.

LaTeX Font Info:    Font shape `OT1/pzc/m/it' in size <5> not available
(Font)              Font shape `OT1/pzc/mb/it' tried instead on input line 320.



LaTeX Warning: `!h' float specifier changed to `!ht'.

[11] [12 <./FIGURE5.png>] [13]
LaTeX Font Info:    Try loading font information for U+eus on input line 398.

("C:\Program Files\MiKTeX 2.9\tex\latex\amsfonts\ueus.fd"
File: ueus.fd 2013/01/14 v3.01 Euler Script
)
Underfull \hbox (badness 10000) in paragraph at lines 411--412
[]\OT1/ptm/m/n/10 Non-homogeneous Dirich-let bound-ary con-di-tions are given b
y:
 []

[14]
<FIGURE6.jpeg, id=335, 483.30562pt x 482.55281pt>
File: FIGURE6.jpeg Graphic file (type jpg)
<use FIGURE6.jpeg>
Package pdftex.def Info: FIGURE6.jpeg  used on input line 425. on input line 42
5.
Package pdftex.def Info: Requested size: 87.97652pt x 87.83505pt on input line 
425.
<FIGURE7.jpeg, id=336, 700.11563pt x 590.95781pt>
File: FIGURE7.jpeg Graphic file (type jpg)
<use FIGURE7.jpeg>
Package pdftex.def Info: FIGURE7.jpeg  used on input line 431. on input line 43
1.
Package pdftex.def Info: Requested size: 103.50105pt x 87.35939pt on input line
 431.
<FIGURE8.jpeg, id=337, 711.4078pt x 586.44093pt>
File: FIGURE8.jpeg Graphic file (type jpg)
<use FIGURE8.jpeg>
Package pdftex.def Info: FIGURE8.jpeg  used on input line 437. on input line 43
7.
Package pdftex.def Info: Requested size: 103.50105pt x 85.31363pt on input line
 437.
<FIGURE9.jpeg, id=339, 484.81125pt x 496.10344pt>
File: FIGURE9.jpeg Graphic file (type jpg)
<use FIGURE9.jpeg>
Package pdftex.def Info: FIGURE9.jpeg  used on input line 451. on input line 45
1.
Package pdftex.def Info: Requested size: 103.50105pt x 105.91074pt on input lin
e 451.
<FIGURE10.jpeg, id=340, 486.31688pt x 494.59781pt>
File: FIGURE10.jpeg Graphic file (type jpg)
<use FIGURE10.jpeg>
Package pdftex.def Info: FIGURE10.jpeg  used on input line 457. on input line 4
57.
Package pdftex.def Info: Requested size: 103.50105pt x 105.25723pt on input lin
e 457.
<FIGURE11.jpeg, id=341, 484.05844pt x 482.55281pt>
File: FIGURE11.jpeg Graphic file (type jpg)
<use FIGURE11.jpeg>
Package pdftex.def Info: FIGURE11.jpeg  used on input line 463. on input line 4
63.
Package pdftex.def Info: Requested size: 103.50105pt x 103.1725pt on input line
 463.
<FIGURE12.jpeg, id=342, 482.55281pt x 483.30562pt>
File: FIGURE12.jpeg Graphic file (type jpg)
<use FIGURE12.jpeg>
Package pdftex.def Info: FIGURE12.jpeg  used on input line 469. on input line 4
69.
Package pdftex.def Info: Requested size: 103.50105pt x 103.65794pt on input lin
e 469.
 [15 <./FIGURE6.jpeg> <./FIGURE7.jpeg> <./FIGURE8.jpeg>] [16 <./FIGURE9.jpeg> <
./FIGURE10.jpeg> <./FIGURE11.jpeg> <./FIGURE12.jpeg>]
<FIGURE13.png, id=376, 453.8556pt x 235.6002pt>
File: FIGURE13.png Graphic file (type png)
<use FIGURE13.png>
Package pdftex.def Info: FIGURE13.png  used on input line 497. on input line 49
7.
Package pdftex.def Info: Requested size: 189.75105pt x 98.50203pt on input line
 497.
<FIGURE14.png, id=377, 671.1474pt x 253.4268pt>
File: FIGURE14.png Graphic file (type png)
<use FIGURE14.png>
Package pdftex.def Info: FIGURE14.png  used on input line 506. on input line 50
6.
Package pdftex.def Info: Requested size: 258.75pt x 97.7069pt on input line 506
.


LaTeX Warning: `!h' float specifier changed to `!ht'.


LaTeX Warning: `!h' float specifier changed to `!ht'.

[17 <./FIGURE13.png>] [18 <./FIGURE14.png>]

LaTeX Warning: Text page 19 contains only floats.

[19] [20]
<FIGURE15.jpeg, id=420, 487.06969pt x 486.31688pt>
File: FIGURE15.jpeg Graphic file (type jpg)
<use FIGURE15.jpeg>
Package pdftex.def Info: FIGURE15.jpeg  used on input line 672. on input line 6
72.
Package pdftex.def Info: Requested size: 82.80115pt x 82.67278pt on input line 
672.
<FIGURE16.jpeg, id=421, 590.95781pt x 590.95781pt>
File: FIGURE16.jpeg Graphic file (type jpg)
<use FIGURE16.jpeg>
Package pdftex.def Info: FIGURE16.jpeg  used on input line 679. on input line 6
79.
Package pdftex.def Info: Requested size: 82.80115pt x 82.79665pt on input line 
679.
<FIGURE17.jpeg, id=422, 722.7pt x 579.66562pt>
File: FIGURE17.jpeg Graphic file (type jpg)
<use FIGURE17.jpeg>
Package pdftex.def Info: FIGURE17.jpeg  used on input line 686. on input line 6
86.
Package pdftex.def Info: Requested size: 103.50105pt x 83.01007pt on input line
 686.
<FIGURE18.jpeg, id=423, 735.49782pt x 596.2275pt>
File: FIGURE18.jpeg Graphic file (type jpg)
<use FIGURE18.jpeg>
Package pdftex.def Info: FIGURE18.jpeg  used on input line 698. on input line 6
98.
Package pdftex.def Info: Requested size: 103.50105pt x 83.89886pt on input line
 698.
<FIGURE19.jpeg, id=424, 724.20563pt x 585.68813pt>
File: FIGURE19.jpeg Graphic file (type jpg)
<use FIGURE19.jpeg>
Package pdftex.def Info: FIGURE19.jpeg  used on input line 705. on input line 7
05.
Package pdftex.def Info: Requested size: 103.50105pt x 83.70271pt on input line
 705.
<FIGURE20.jpeg, id=425, 724.95844pt x 584.93532pt>
File: FIGURE20.jpeg Graphic file (type jpg)
<use FIGURE20.jpeg>
Package pdftex.def Info: FIGURE20.jpeg  used on input line 712. on input line 7
12.
Package pdftex.def Info: Requested size: 103.50105pt x 83.50587pt on input line
 712.


LaTeX Warning: `!h' float specifier changed to `!ht'.

<FIGURE21.jpeg, id=426, 737.75626pt x 599.99156pt>
File: FIGURE21.jpeg Graphic file (type jpg)
<use FIGURE21.jpeg>
Package pdftex.def Info: FIGURE21.jpeg  used on input line 723. on input line 7
23.
Package pdftex.def Info: Requested size: 103.50105pt x 84.17218pt on input line
 723.
<FIGURE22.jpeg, id=427, 728.7225pt x 584.1825pt>
File: FIGURE22.jpeg Graphic file (type jpg)
<use FIGURE22.jpeg>
Package pdftex.def Info: FIGURE22.jpeg  used on input line 730. on input line 7
30.
Package pdftex.def Info: Requested size: 103.50105pt x 82.97054pt on input line
 730.
<FIGURE23.jpeg, id=428, 725.71124pt x 586.44093pt>
File: FIGURE23.jpeg Graphic file (type jpg)
<use FIGURE23.jpeg>
Package pdftex.def Info: FIGURE23.jpeg  used on input line 737. on input line 7
37.
Package pdftex.def Info: Requested size: 103.50105pt x 83.63133pt on input line
 737.

LaTeX Warning: `!h' float specifier changed to `!ht'.


Overfull \hbox (1.66913pt too wide) in paragraph at lines 752--769
[][] 
 []

[21 <./FIGURE15.jpeg> <./FIGURE16.jpeg> <./FIGURE17.jpeg>]
<FIGURE24.jpg, id=441, 204.765pt x 205.36725pt>
File: FIGURE24.jpg Graphic file (type jpg)
<use FIGURE24.jpg>
Package pdftex.def Info: FIGURE24.jpg  used on input line 800. on input line 80
0.
Package pdftex.def Info: Requested size: 103.50105pt x 103.80835pt on input lin
e 800.
 [22 <./FIGURE18.jpeg> <./FIGURE19.jpeg> <./FIGURE20.jpeg> <./FIGURE21.jpeg> <.
/FIGURE22.jpeg> <./FIGURE23.jpeg> <./FIGURE24.jpg>] [23] [24]
<FIGURE25.jpg, id=469, 518.6878pt x 490.83376pt>
File: FIGURE25.jpg Graphic file (type jpg)
<use FIGURE25.jpg>
Package pdftex.def Info: FIGURE25.jpg  used on input line 880. on input line 88
0.
Package pdftex.def Info: Requested size: 109.71086pt x 103.81958pt on input lin
e 880.

Overfull \hbox (6.20981pt too wide) in paragraph at lines 880--881
[][] 
 []

<FIGURE26.jpg, id=470, 492.33937pt x 493.0922pt>
File: FIGURE26.jpg Graphic file (type jpg)
<use FIGURE26.jpg>
Package pdftex.def Info: FIGURE26.jpg  used on input line 886. on input line 88
6.
Package pdftex.def Info: Requested size: 103.50105pt x 103.65775pt on input lin
e 886.
<FIGURE27.jpeg, id=471, 624.08156pt x 483.30562pt>
File: FIGURE27.jpeg Graphic file (type jpg)
<use FIGURE27.jpeg>
Package pdftex.def Info: FIGURE27.jpeg  used on input line 898. on input line 8
98.
Package pdftex.def Info: Requested size: 120.7521pt x 93.51044pt on input line 
898.
<FIGURE28.jpeg, id=472, 612.03656pt x 484.81125pt>
File: FIGURE28.jpeg Graphic file (type jpg)
<use FIGURE28.jpeg>
Package pdftex.def Info: FIGURE28.jpeg  used on input line 905. on input line 9
05.
Package pdftex.def Info: Requested size: 120.7521pt x 95.65115pt on input line 
905.
<FIGURE29.jpeg, id=473, 606.76688pt x 484.05844pt>
File: FIGURE29.jpeg Graphic file (type jpg)
<use FIGURE29.jpeg>
Package pdftex.def Info: FIGURE29.jpeg  used on input line 918. on input line 9
18.
Package pdftex.def Info: Requested size: 120.7521pt x 96.32986pt on input line 
918.
<FIGURE30.jpeg, id=474, 605.26125pt x 483.30562pt>
File: FIGURE30.jpeg Graphic file (type jpg)
<use FIGURE30.jpeg>
Package pdftex.def Info: FIGURE30.jpeg  used on input line 926. on input line 9
26.
Package pdftex.def Info: Requested size: 120.7521pt x 96.41605pt on input line 
926.
[25 <./FIGURE25.jpg> <./FIGURE26.jpg>] [26 <./FIGURE27.jpeg> <./FIGURE28.jpeg> 
<./FIGURE29.jpeg> <./FIGURE30.jpeg>]
Overfull \hbox (4.26736pt too wide) in paragraph at lines 966--967
\OT1/ptm/m/n/10 buco State Foun-da-tion for Sci-ence and Tech-nol-ogy (FACEPE),
 Brazil-ian Na-tional Coun-
 []

[27] (Source_Files_manuscript.bbl [28] [29]
Underfull \hbox (badness 10000) in paragraph at lines 162--168
\OT1/ptm/m/n/10 URL []$\OT1/cmtt/m/n/10 https : / / pdfs . semanticscholar . or
g / 64bb /
 []

[30])
\Changes@OutFile=\write5
\openout5 = `Source_Files_manuscript.soc'.

Package atveryend Info: Empty hook `BeforeClearDocument' on input line 971.
 [31]
Package atveryend Info: Empty hook `AfterLastShipout' on input line 971.
 (Source_Files_manuscript.aux)
Package atveryend Info: Executing hook `AtVeryEndDocument' on input line 971.
Package atveryend Info: Executing hook `AtEndAfterFileList' on input line 971.
Package rerunfilecheck Info: File `Source_Files_manuscript.out' has not changed
.
(rerunfilecheck)             Checksum: F52D11E2B8AD13F76B0E2BBC62AB108A;1250.


LaTeX Font Warning: Size substitutions with differences
(Font)              up to 0.55997pt have occurred.

Package atveryend Info: Empty hook `AtVeryVeryEnd' on input line 971.
 ) 
Here is how much of TeX's memory you used:
 11263 strings out of 493312
 169075 string characters out of 3138891
 382834 words of memory out of 3000000
 14361 multiletter control sequences out of 15000+200000
 55175 words of font info for 136 fonts, out of 3000000 for 9000
 1141 hyphenation exceptions out of 8191
 42i,20n,77p,1836b,578s stack positions out of 5000i,500n,10000p,200000b,50000s
{C:/Program Files/MiKTeX 2.9/fonts/enc/dvips/base/8r.enc}<C:/Program Files/Mi
KTeX 2.9/fonts/type1/public/amsfonts/cm/cmex10.pfb><C:/Program Files/MiKTeX 2.9
/fonts/type1/public/amsfonts/cm/cmmi10.pfb><C:/Program Files/MiKTeX 2.9/fonts/t
ype1/public/amsfonts/cm/cmr10.pfb><C:/Program Files/MiKTeX 2.9/fonts/type1/publ
ic/amsfonts/cm/cmsy10.pfb><C:/Program Files/MiKTeX 2.9/fonts/type1/public/amsfo
nts/cm/cmtt10.pfb><C:/Program Files/MiKTeX 2.9/fonts/type1/public/amsfonts/cm/c
mtt8.pfb><C:/Program Files/MiKTeX 2.9/fonts/type1/public/amsfonts/euler/eusm10.
pfb><C:/Program Files/MiKTeX 2.9/fonts/type1/public/amsfonts/euler/eusm7.pfb><C
:/Program Files/MiKTeX 2.9/fonts/type1/public/amsfonts/symbols/msbm10.pfb><C:/P
rogram Files/MiKTeX 2.9/fonts/type1/urw/symbol/usyr.pfb><C:/Program Files/MiKTe
X 2.9/fonts/type1/urw/symbol/usyr.pfb><C:/Program Files/MiKTeX 2.9/fonts/type1/
urw/times/utmb8a.pfb><C:/Program Files/MiKTeX 2.9/fonts/type1/urw/times/utmr8a.
pfb><C:/Program Files/MiKTeX 2.9/fonts/type1/urw/times/utmri8a.pfb><C:/Program 
Files/MiKTeX 2.9/fonts/type1/urw/zapfchan/uzcmi8a.pfb>
Output written on Source_Files_manuscript.pdf (31 pages, 5422031 bytes).
PDF statistics:
 644 PDF objects out of 1000 (max. 8388607)
 157 named destinations out of 1000 (max. 500000)
 261 words of extra memory for PDF output out of 10000 (max. 10000000)

